<?xml version="1.0" encoding="UTF-8"?>
<testng-results skipped="0" failed="0" total="1" passed="1">
  <reporter-output>
  </reporter-output>
  <suite name="Suite" duration-ms="15837" started-at="2017-12-16T04:50:54Z" finished-at="2017-12-16T04:51:10Z">
    <groups>
    </groups>
    <test name="Test" duration-ms="15837" started-at="2017-12-16T04:50:54Z" finished-at="2017-12-16T04:51:10Z">
      <class name="TESTNG.TESTNGFRAMEWORK.DataDriven">
        <test-method status="PASS" signature="MyTest()[pri:0, instance:TESTNG.TESTNGFRAMEWORK.DataDriven@49139829]" name="MyTest" duration-ms="15824" started-at="2017-12-15T23:50:54Z" finished-at="2017-12-15T23:51:10Z">
          <reporter-output>
          </reporter-output>
        </test-method> <!-- MyTest -->
      </class> <!-- TESTNG.TESTNGFRAMEWORK.DataDriven -->
    </test> <!-- Test -->
  </suite> <!-- Suite -->
</testng-results>
